2021-05-14T10:10:32.612995+0800 INFO visit homepage.
2021-05-14T10:28:07.522006+0800 INFO Started server process [9392]
2021-05-14T10:28:07.523007+0800 INFO Waiting for application startup.
2021-05-14T10:28:07.523974+0800 INFO Application startup complete.
2021-05-14T10:28:07.526965+0800 INFO Uvicorn running on http://127.0.0.1:8000 (Press CTRL+C to quit)
2021-05-14T10:28:34.105024+0800 INFO visit homepage.
2021-05-14T10:29:04.145760+0800 INFO Started server process [3088]
2021-05-14T10:29:04.146757+0800 INFO Waiting for application startup.
2021-05-14T10:29:04.147755+0800 INFO Application startup complete.
2021-05-14T10:29:04.148753+0800 INFO Uvicorn running on http://127.0.0.1:8000 (Press CTRL+C to quit)
2021-05-14T10:29:41.184469+0800 WARNING You must pass the application as an import string to enable 'reload' or 'workers'.
2021-05-14T10:30:17.531832+0800 WARNING You must pass the application as an import string to enable 'reload' or 'workers'.
2021-05-14T10:30:46.462627+0800 WARNING You must pass the application as an import string to enable 'reload' or 'workers'.
2021-05-14T10:30:59.449198+0800 WARNING You must pass the application as an import string to enable 'reload' or 'workers'.
2021-05-14T10:31:05.542306+0800 INFO Started server process [1156]
2021-05-14T10:31:05.543304+0800 INFO Waiting for application startup.
2021-05-14T10:31:05.544303+0800 INFO Application startup complete.
2021-05-14T10:31:05.545298+0800 INFO Uvicorn running on http://127.0.0.1:8000 (Press CTRL+C to quit)
2021-05-14T10:31:59.541500+0800 INFO Started server process [15004]
2021-05-14T10:31:59.542496+0800 INFO Waiting for application startup.
2021-05-14T10:31:59.543492+0800 INFO Application startup complete.
2021-05-14T10:31:59.543492+0800 INFO Uvicorn running on http://127.0.0.1:8000 (Press CTRL+C to quit)
2021-05-14T10:32:06.097379+0800 INFO visit homepage.
2021-05-14T10:32:21.523730+0800 INFO Started server process [9440]
2021-05-14T10:32:21.523730+0800 INFO Waiting for application startup.
2021-05-14T10:32:21.526724+0800 INFO Application startup complete.
2021-05-14T10:32:21.528717+0800 INFO Uvicorn running on http://127.0.0.1:8000 (Press CTRL+C to quit)
2021-05-14T10:32:22.449259+0800 INFO Œ“±ª∑√Œ ¿≤£°£°£°
2021-05-14T10:32:57.985071+0800 INFO Started server process [8232]
2021-05-14T10:32:57.986069+0800 INFO Waiting for application startup.
2021-05-14T10:32:57.987066+0800 INFO Application startup complete.
2021-05-14T10:32:57.988063+0800 INFO Uvicorn running on http://127.0.0.1:8000 (Press CTRL+C to quit)
2021-05-14T10:40:22.421889+0800 INFO visit homepage.
2021-05-14T15:17:22.174394+0800 INFO visit homepage.
2021-05-14T15:18:31.039975+0800 INFO visit homepage.
2021-05-14T15:25:58.943905+0800 INFO visit homepage.
2021-05-14T16:29:07.064914+0800 INFO visit homepage.
2021-05-14T16:29:38.303165+0800 INFO visit homepage.
2021-05-14T16:29:51.619507+0800 INFO visit homepage.
2021-05-14T16:31:21.755541+0800 INFO visit homepage.
2021-05-14T16:31:46.815758+0800 INFO visit homepage.
2021-05-14T16:31:54.313308+0800 INFO visit homepage.
2021-05-14T16:32:28.757412+0800 INFO visit homepage.
2021-05-14T16:34:03.189172+0800 INFO visit homepage.
2021-05-14T16:34:11.823070+0800 INFO visit homepage.
2021-05-14T16:35:57.468815+0800 INFO visit homepage.
2021-05-14T16:35:58.354161+0800 INFO visit homepage.
2021-05-14T16:37:38.140635+0800 INFO visit homepage.
